<?xml version="1.0" encoding="UTF-8"?>
<!-- Generated by org.testng.reporters.JUnitReportReporter -->
<testsuite hostname="DESKTOP-A7RCVA4" failures="0" tests="1" name="io.TestLayer.LoginPageTest" time="14.418" errors="0" timestamp="2021-12-16T12:55:17 IST" skipped="0">
  <testcase classname="io.TestLayer.LoginPageTest" name="validateLoginFunctionality" time="14.418"/>
  <system-out/>
</testsuite> <!-- io.TestLayer.LoginPageTest -->
