<?xml version="1.0" encoding="UTF-8"?>
<!-- Generated by org.testng.reporters.JUnitReportReporter -->
<testsuite hostname="DESKTOP-A7RCVA4" failures="0" tests="5" name="io.TestLayer.ExcelReaderTest" time="95.954" errors="0" timestamp="2021-11-29T22:36:24 IST" skipped="0">
  <testcase classname="io.TestLayer.ExcelReaderTest" name="loginfunctionality" time="28.504"/>
  <system-out/>
  <testcase classname="io.TestLayer.ExcelReaderTest" name="loginfunctionality" time="15.449"/>
  <system-out/>
  <testcase classname="io.TestLayer.ExcelReaderTest" name="loginfunctionality" time="18.938"/>
  <system-out/>
  <testcase classname="io.TestLayer.ExcelReaderTest" name="loginfunctionality" time="18.144"/>
  <system-out/>
  <testcase classname="io.TestLayer.ExcelReaderTest" name="loginfunctionality" time="14.919"/>
  <system-out/>
</testsuite> <!-- io.TestLayer.ExcelReaderTest -->
